[2019-05-02 20:39:34] local.ERROR: Command "update" is not defined. {"exception":"[object] (Symfony\\Component\\Console\\Exception\\CommandNotFoundException(code: 0): Command \"update\" is not defined. at D:\\Users\\TI\\Documents\\Uniagro\\Projetos-Laravel\\mecanica\\vendor\\symfony\\console\\Application.php:639)
[stacktrace]
#0 D:\\Users\\TI\\Documents\\Uniagro\\Projetos-Laravel\\mecanica\\vendor\\symfony\\console\\Application.php(233): Symfony\\Component\\Console\\Application->find('update')
#1 D:\\Users\\TI\\Documents\\Uniagro\\Projetos-Laravel\\mecanica\\vendor\\symfony\\console\\Application.php(145): Symfony\\Component\\Console\\Application->doRun(Object(Symfony\\Component\\Console\\Input\\ArgvInput), Object(Symfony\\Component\\Console\\Output\\ConsoleOutput))
#2 D:\\Users\\TI\\Documents\\Uniagro\\Projetos-Laravel\\mecanica\\vendor\\laravel\\framework\\src\\Illuminate\\Console\\Application.php(90): Symfony\\Component\\Console\\Application->run(Object(Symfony\\Component\\Console\\Input\\ArgvInput), Object(Symfony\\Component\\Console\\Output\\ConsoleOutput))
#3 D:\\Users\\TI\\Documents\\Uniagro\\Projetos-Laravel\\mecanica\\vendor\\laravel\\framework\\src\\Illuminate\\Foundation\\Console\\Kernel.php(122): Illuminate\\Console\\Application->run(Object(Symfony\\Component\\Console\\Input\\ArgvInput), Object(Symfony\\Component\\Console\\Output\\ConsoleOutput))
#4 D:\\Users\\TI\\Documents\\Uniagro\\Projetos-Laravel\\mecanica\\artisan(37): Illuminate\\Foundation\\Console\\Kernel->handle(Object(Symfony\\Component\\Console\\Input\\ArgvInput), Object(Symfony\\Component\\Console\\Output\\ConsoleOutput))
#5 {main}
"} 
[2019-05-02 23:33:57] local.ERROR: Trying to get property 'nome' of non-object (View: D:\Users\TI\Documents\Uniagro\Projetos-Laravel\mecanica\resources\views\veiculo\show.blade.php) {"userId":1,"exception":"[object] (ErrorException(code: 0): Trying to get property 'nome' of non-object (View: D:\\Users\\TI\\Documents\\Uniagro\\Projetos-Laravel\\mecanica\esources\\views\\veiculo\\show.blade.php) at D:\\Users\\TI\\Documents\\Uniagro\\Projetos-Laravel\\mecanica\\storage\\framework\\views\\323e13d08f233bf45653adeb48d476d0bca9d23c.php:23, ErrorException(code: 0): Trying to get property 'nome' of non-object at D:\\Users\\TI\\Documents\\Uniagro\\Projetos-Laravel\\mecanica\\storage\\framework\\views\\323e13d08f233bf45653adeb48d476d0bca9d23c.php:23)
[stacktrace]
#0 D:\\Users\\TI\\Documents\\Uniagro\\Projetos-Laravel\\mecanica\\vendor\\laravel\\framework\\src\\Illuminate\\View\\Engines\\PhpEngine.php(45): Illuminate\\View\\Engines\\CompilerEngine->handleViewException(Object(ErrorException), 1)
#1 D:\\Users\\TI\\Documents\\Uniagro\\Projetos-Laravel\\mecanica\\vendor\\laravel\\framework\\src\\Illuminate\\View\\Engines\\CompilerEngine.php(59): Illuminate\\View\\Engines\\PhpEngine->evaluatePath('D:\\\\Users\\\\TI\\\\Doc...', Array)
#2 D:\\Users\\TI\\Documents\\Uniagro\\Projetos-Laravel\\mecanica\\vendor\\laravel\\framework\\src\\Illuminate\\View\\View.php(142): Illuminate\\View\\Engines\\CompilerEngine->get('D:\\\\Users\\\\TI\\\\Doc...', Array)
#3 D:\\Users\\TI\\Documents\\Uniagro\\Projetos-Laravel\\mecanica\\vendor\\laravel\\framework\\src\\Illuminate\\View\\View.php(125): Illuminate\\View\\View->getContents()
#4 D:\\Users\\TI\\Documents\\Uniagro\\Projetos-Laravel\\mecanica\\vendor\\laravel\\framework\\src\\Illuminate\\View\\View.php(90): Illuminate\\View\\View->renderContents()
#5 D:\\Users\\TI\\Documents\\Uniagro\\Projetos-Laravel\\mecanica\\vendor\\laravel\\framework\\src\\Illuminate\\Http\\Response.php(42): Illuminate\\View\\View->render()
#6 D:\\Users\\TI\\Documents\\Uniagro\\Projetos-Laravel\\mecanica\\vendor\\symfony\\http-foundation\\Response.php(202): Illuminate\\Http\\Response->setContent(Object(Illuminate\\View\\View))
#7 D:\\Users\\TI\\Documents\\Uniagro\\Projetos-Laravel\\mecanica\\vendor\\laravel\\framework\\src\\Illuminate\\Routing\\Router.php(748): Symfony\\Component\\HttpFoundation\\Response->__construct(Object(Illuminate\\View\\View))
#8 D:\\Users\\TI\\Documents\\Uniagro\\Projetos-Laravel\\mecanica\\vendor\\laravel\\framework\\src\\Illuminate\\Routing\\Router.php(720): Illuminate\\Routing\\Router::toResponse(Object(Illuminate\\Http\\Request), Object(Illuminate\\View\\View))
#9 D:\\Users\\TI\\Documents\\Uniagro\\Projetos-Laravel\\mecanica\\vendor\\laravel\\framework\\src\\Illuminate\\Routing\\Router.php(680): Illuminate\\Routing\\Router->prepareResponse(Object(Illuminate\\Http\\Request), Object(Illuminate\\View\\View))
#10 D:\\Users\\TI\\Documents\\Uniagro\\Projetos-Laravel\\mecanica\\vendor\\laravel\\framework\\src\\Illuminate\\Routing\\Pipeline.php(30): Illuminate\\Routing\\Router->Illuminate\\Routing\\{closure}(Object(Illuminate\\Http\\Request))
#11 D:\\Users\\TI\\Documents\\Uniagro\\Projetos-Laravel\\mecanica\\vendor\\laravel\\framework\\src\\Illuminate\\Routing\\Middleware\\SubstituteBindings.php(41): Illuminate\\Routing\\Pipeline->Illuminate\\Routing\\{closure}(Object(Illuminate\\Http\\Request))
#12 D:\\Users\\TI\\Documents\\Uniagro\\Projetos-Laravel\\mecanica\\vendor\\laravel\\framework\\src\\Illuminate\\Pipeline\\Pipeline.php(163): Illuminate\\Routing\\Middleware\\SubstituteBindings->handle(Object(Illuminate\\Http\\Request), Object(Closure))
#13 D:\\Users\\TI\\Documents\\Uniagro\\Projetos-Laravel\\mecanica\\vendor\\laravel\\framework\\src\\Illuminate\\Routing\\Pipeline.php(53): Illuminate\\Pipeline\\Pipeline->Illuminate\\Pipeline\\{closure}(Object(Illuminate\\Http\\Request))
#14 D:\\Users\\TI\\Documents\\Uniagro\\Projetos-Laravel\\mecanica\\vendor\\laravel\\framework\\src\\Illuminate\\Auth\\Middleware\\Authenticate.php(43): Illuminate\\Routing\\Pipeline->Illuminate\\Routing\\{closure}(Object(Illuminate\\Http\\Request))
#15 D:\\Users\\TI\\Documents\\Uniagro\\Projetos-Laravel\\mecanica\\vendor\\laravel\\framework\\src\\Illuminate\\Pipeline\\Pipeline.php(163): Illuminate\\Auth\\Middleware\\Authenticate->handle(Object(Illuminate\\Http\\Request), Object(Closure))
#16 D:\\Users\\TI\\Documents\\Uniagro\\Projetos-Laravel\\mecanica\\vendor\\laravel\\framework\\src\\Illuminate\\Routing\\Pipeline.php(53): Illuminate\\Pipeline\\Pipeline->Illuminate\\Pipeline\\{closure}(Object(Illuminate\\Http\\Request))
#17 D:\\Users\\TI\\Documents\\Uniagro\\Projetos-Laravel\\mecanica\\vendor\\laravel\\framework\\src\\Illuminate\\Foundation\\Http\\Middleware\\VerifyCsrfToken.php(75): Illuminate\\Routing\\Pipeline->Illuminate\\Routing\\{closure}(Object(Illuminate\\Http\\Request))
#18 D:\\Users\\TI\\Documents\\Uniagro\\Projetos-Laravel\\mecanica\\vendor\\laravel\\framework\\src\\Illuminate\\Pipeline\\Pipeline.php(163): Illuminate\\Foundation\\Http\\Middleware\\VerifyCsrfToken->handle(Object(Illuminate\\Http\\Request), Object(Closure))
#19 D:\\Users\\TI\\Documents\\Uniagro\\Projetos-Laravel\\mecanica\\vendor\\laravel\\framework\\src\\Illuminate\\Routing\\Pipeline.php(53): Illuminate\\Pipeline\\Pipeline->Illuminate\\Pipeline\\{closure}(Object(Illuminate\\Http\\Request))
#20 D:\\Users\\TI\\Documents\\Uniagro\\Projetos-Laravel\\mecanica\\vendor\\laravel\\framework\\src\\Illuminate\\View\\Middleware\\ShareErrorsFromSession.php(49): Illuminate\\Routing\\Pipeline->Illuminate\\Routing\\{closure}(Object(Illuminate\\Http\\Request))
#21 D:\\Users\\TI\\Documents\\Uniagro\\Projetos-Laravel\\mecanica\\vendor\\laravel\\framework\\src\\Illuminate\\Pipeline\\Pipeline.php(163): Illuminate\\View\\Middleware\\ShareErrorsFromSession->handle(Object(Illuminate\\Http\\Request), Object(Closure))
#22 D:\\Users\\TI\\Documents\\Uniagro\\Projetos-Laravel\\mecanica\\vendor\\laravel\\framework\\src\\Illuminate\\Routing\\Pipeline.php(53): Illuminate\\Pipeline\\Pipeline->Illuminate\\Pipeline\\{closure}(Object(Illuminate\\Http\\Request))
#23 D:\\Users\\TI\\Documents\\Uniagro\\Projetos-Laravel\\mecanica\\vendor\\laravel\\framework\\src\\Illuminate\\Session\\Middleware\\StartSession.php(56): Illuminate\\Routing\\Pipeline->Illuminate\\Routing\\{closure}(Object(Illuminate\\Http\\Request))
#24 D:\\Users\\TI\\Documents\\Uniagro\\Projetos-Laravel\\mecanica\\vendor\\laravel\\framework\\src\\Illuminate\\Pipeline\\Pipeline.php(163): Illuminate\\Session\\Middleware\\StartSession->handle(Object(Illuminate\\Http\\Request), Object(Closure))
#25 D:\\Users\\TI\\Documents\\Uniagro\\Projetos-Laravel\\mecanica\\vendor\\laravel\\framework\\src\\Illuminate\\Routing\\Pipeline.php(53): Illuminate\\Pipeline\\Pipeline->Illuminate\\Pipeline\\{closure}(Object(Illuminate\\Http\\Request))
#26 D:\\Users\\TI\\Documents\\Uniagro\\Projetos-Laravel\\mecanica\\vendor\\laravel\\framework\\src\\Illuminate\\Cookie\\Middleware\\AddQueuedCookiesToResponse.php(37): Illuminate\\Routing\\Pipeline->Illuminate\\Routing\\{closure}(Object(Illuminate\\Http\\Request))
#27 D:\\Users\\TI\\Documents\\Uniagro\\Projetos-Laravel\\mecanica\\vendor\\laravel\\framework\\src\\Illuminate\\Pipeline\\Pipeline.php(163): Illuminate\\Cookie\\Middleware\\AddQueuedCookiesToResponse->handle(Object(Illuminate\\Http\\Request), Object(Closure))
#28 D:\\Users\\TI\\Documents\\Uniagro\\Projetos-Laravel\\mecanica\\vendor\\laravel\\framework\\src\\Illuminate\\Routing\\Pipeline.php(53): Illuminate\\Pipeline\\Pipeline->Illuminate\\Pipeline\\{closure}(Object(Illuminate\\Http\\Request))
#29 D:\\Users\\TI\\Documents\\Uniagro\\Projetos-Laravel\\mecanica\\vendor\\laravel\\framework\\src\\Illuminate\\Cookie\\Middleware\\EncryptCookies.php(66): Illuminate\\Routing\\Pipeline->Illuminate\\Routing\\{closure}(Object(Illuminate\\Http\\Request))
#30 D:\\Users\\TI\\Documents\\Uniagro\\Projetos-Laravel\\mecanica\\vendor\\laravel\\framework\\src\\Illuminate\\Pipeline\\Pipeline.php(163): Illuminate\\Cookie\\Middleware\\EncryptCookies->handle(Object(Illuminate\\Http\\Request), Object(Closure))
#31 D:\\Users\\TI\\Documents\\Uniagro\\Projetos-Laravel\\mecanica\\vendor\\laravel\\framework\\src\\Illuminate\\Routing\\Pipeline.php(53): Illuminate\\Pipeline\\Pipeline->Illuminate\\Pipeline\\{closure}(Object(Illuminate\\Http\\Request))
#32 D:\\Users\\TI\\Documents\\Uniagro\\Projetos-Laravel\\mecanica\\vendor\\laravel\\framework\\src\\Illuminate\\Pipeline\\Pipeline.php(104): Illuminate\\Routing\\Pipeline->Illuminate\\Routing\\{closure}(Object(Illuminate\\Http\\Request))
#33 D:\\Users\\TI\\Documents\\Uniagro\\Projetos-Laravel\\mecanica\\vendor\\laravel\\framework\\src\\Illuminate\\Routing\\Router.php(682): Illuminate\\Pipeline\\Pipeline->then(Object(Closure))
#34 D:\\Users\\TI\\Documents\\Uniagro\\Projetos-Laravel\\mecanica\\vendor\\laravel\\framework\\src\\Illuminate\\Routing\\Router.php(657): Illuminate\\Routing\\Router->runRouteWithinStack(Object(Illuminate\\Routing\\Route), Object(Illuminate\\Http\\Request))
#35 D:\\Users\\TI\\Documents\\Uniagro\\Projetos-Laravel\\mecanica\\vendor\\laravel\\framework\\src\\Illuminate\\Routing\\Router.php(623): Illuminate\\Routing\\Router->runRoute(Object(Illuminate\\Http\\Request), Object(Illuminate\\Routing\\Route))
#36 D:\\Users\\TI\\Documents\\Uniagro\\Projetos-Laravel\\mecanica\\vendor\\laravel\\framework\\src\\Illuminate\\Routing\\Router.php(612): Illuminate\\Routing\\Router->dispatchToRoute(Object(Illuminate\\Http\\Request))
#37 D:\\Users\\TI\\Documents\\Uniagro\\Projetos-Laravel\\mecanica\\vendor\\laravel\\framework\\src\\Illuminate\\Foundation\\Http\\Kernel.php(176): Illuminate\\Routing\\Router->dispatch(Object(Illuminate\\Http\\Request))
#38 D:\\Users\\TI\\Documents\\Uniagro\\Projetos-Laravel\\mecanica\\vendor\\laravel\\framework\\src\\Illuminate\\Routing\\Pipeline.php(30): Illuminate\\Foundation\\Http\\Kernel->Illuminate\\Foundation\\Http\\{closure}(Object(Illuminate\\Http\\Request))
#39 D:\\Users\\TI\\Documents\\Uniagro\\Projetos-Laravel\\mecanica\\vendor\\fideloper\\proxy\\src\\TrustProxies.php(57): Illuminate\\Routing\\Pipeline->Illuminate\\Routing\\{closure}(Object(Illuminate\\Http\\Request))
#40 D:\\Users\\TI\\Documents\\Uniagro\\Projetos-Laravel\\mecanica\\vendor\\laravel\\framework\\src\\Illuminate\\Pipeline\\Pipeline.php(163): Fideloper\\Proxy\\TrustProxies->handle(Object(Illuminate\\Http\\Request), Object(Closure))
#41 D:\\Users\\TI\\Documents\\Uniagro\\Projetos-Laravel\\mecanica\\vendor\\laravel\\framework\\src\\Illuminate\\Routing\\Pipeline.php(53): Illuminate\\Pipeline\\Pipeline->Illuminate\\Pipeline\\{closure}(Object(Illuminate\\Http\\Request))
#42 D:\\Users\\TI\\Documents\\Uniagro\\Projetos-Laravel\\mecanica\\vendor\\laravel\\framework\\src\\Illuminate\\Foundation\\Http\\Middleware\\TransformsRequest.php(21): Illuminate\\Routing\\Pipeline->Illuminate\\Routing\\{closure}(Object(Illuminate\\Http\\Request))
#43 D:\\Users\\TI\\Documents\\Uniagro\\Projetos-Laravel\\mecanica\\vendor\\laravel\\framework\\src\\Illuminate\\Pipeline\\Pipeline.php(163): Illuminate\\Foundation\\Http\\Middleware\\TransformsRequest->handle(Object(Illuminate\\Http\\Request), Object(Closure))
#44 D:\\Users\\TI\\Documents\\Uniagro\\Projetos-Laravel\\mecanica\\vendor\\laravel\\framework\\src\\Illuminate\\Routing\\Pipeline.php(53): Illuminate\\Pipeline\\Pipeline->Illuminate\\Pipeline\\{closure}(Object(Illuminate\\Http\\Request))
#45 D:\\Users\\TI\\Documents\\Uniagro\\Projetos-Laravel\\mecanica\\vendor\\laravel\\framework\\src\\Illuminate\\Foundation\\Http\\Middleware\\TransformsRequest.php(21): Illuminate\\Routing\\Pipeline->Illuminate\\Routing\\{closure}(Object(Illuminate\\Http\\Request))
#46 D:\\Users\\TI\\Documents\\Uniagro\\Projetos-Laravel\\mecanica\\vendor\\laravel\\framework\\src\\Illuminate\\Pipeline\\Pipeline.php(163): Illuminate\\Foundation\\Http\\Middleware\\TransformsRequest->handle(Object(Illuminate\\Http\\Request), Object(Closure))
#47 D:\\Users\\TI\\Documents\\Uniagro\\Projetos-Laravel\\mecanica\\vendor\\laravel\\framework\\src\\Illuminate\\Routing\\Pipeline.php(53): Illuminate\\Pipeline\\Pipeline->Illuminate\\Pipeline\\{closure}(Object(Illuminate\\Http\\Request))
#48 D:\\Users\\TI\\Documents\\Uniagro\\Projetos-Laravel\\mecanica\\vendor\\laravel\\framework\\src\\Illuminate\\Foundation\\Http\\Middleware\\ValidatePostSize.php(27): Illuminate\\Routing\\Pipeline->Illuminate\\Routing\\{closure}(Object(Illuminate\\Http\\Request))
#49 D:\\Users\\TI\\Documents\\Uniagro\\Projetos-Laravel\\mecanica\\vendor\\laravel\\framework\\src\\Illuminate\\Pipeline\\Pipeline.php(163): Illuminate\\Foundation\\Http\\Middleware\\ValidatePostSize->handle(Object(Illuminate\\Http\\Request), Object(Closure))
#50 D:\\Users\\TI\\Documents\\Uniagro\\Projetos-Laravel\\mecanica\\vendor\\laravel\\framework\\src\\Illuminate\\Routing\\Pipeline.php(53): Illuminate\\Pipeline\\Pipeline->Illuminate\\Pipeline\\{closure}(Object(Illuminate\\Http\\Request))
#51 D:\\Users\\TI\\Documents\\Uniagro\\Projetos-Laravel\\mecanica\\vendor\\laravel\\framework\\src\\Illuminate\\Foundation\\Http\\Middleware\\CheckForMaintenanceMode.php(62): Illuminate\\Routing\\Pipeline->Illuminate\\Routing\\{closure}(Object(Illuminate\\Http\\Request))
#52 D:\\Users\\TI\\Documents\\Uniagro\\Projetos-Laravel\\mecanica\\vendor\\laravel\\framework\\src\\Illuminate\\Pipeline\\Pipeline.php(163): Illuminate\\Foundation\\Http\\Middleware\\CheckForMaintenanceMode->handle(Object(Illuminate\\Http\\Request), Object(Closure))
#53 D:\\Users\\TI\\Documents\\Uniagro\\Projetos-Laravel\\mecanica\\vendor\\laravel\\framework\\src\\Illuminate\\Routing\\Pipeline.php(53): Illuminate\\Pipeline\\Pipeline->Illuminate\\Pipeline\\{closure}(Object(Illuminate\\Http\\Request))
#54 D:\\Users\\TI\\Documents\\Uniagro\\Projetos-Laravel\\mecanica\\vendor\\laravel\\framework\\src\\Illuminate\\Pipeline\\Pipeline.php(104): Illuminate\\Routing\\Pipeline->Illuminate\\Routing\\{closure}(Object(Illuminate\\Http\\Request))
#55 D:\\Users\\TI\\Documents\\Uniagro\\Projetos-Laravel\\mecanica\\vendor\\laravel\\framework\\src\\Illuminate\\Foundation\\Http\\Kernel.php(151): Illuminate\\Pipeline\\Pipeline->then(Object(Closure))
#56 D:\\Users\\TI\\Documents\\Uniagro\\Projetos-Laravel\\mecanica\\vendor\\laravel\\framework\\src\\Illuminate\\Foundation\\Http\\Kernel.php(116): Illuminate\\Foundation\\Http\\Kernel->sendRequestThroughRouter(Object(Illuminate\\Http\\Request))
#57 D:\\Users\\TI\\Documents\\Uniagro\\Projetos-Laravel\\mecanica\\public\\index.php(55): Illuminate\\Foundation\\Http\\Kernel->handle(Object(Illuminate\\Http\\Request))
#58 D:\\Users\\TI\\Documents\\Uniagro\\Projetos-Laravel\\mecanica\\server.php(21): require_once('D:\\\\Users\\\\TI\\\\Doc...')
#59 {main}
"} 
