[2019-07-02 14:24:35] local.ERROR: SQLSTATE[22001]: String data, right truncated: 1406 Data too long for column 'cpfcnpj' at row 1 (SQL: insert into `pessoas` (`nome`, `email`, `endereco`, `telefone`, `cpfcnpj`, `updated_at`, `created_at`) values (Felipe Nicolodi, ti@uniagronegocios.com.br, Rua Buarque de Macedo, 2639, centro, 5496310491, 2222222222222222222222222222222222222222222222222222222222222222222222222222222222222222222222222222222222222, 2019-07-02 14:24:35, 2019-07-02 14:24:35)) {"userId":1,"exception":"[object] (Illuminate\\Database\\QueryException(code: 22001): SQLSTATE[22001]: String data, right truncated: 1406 Data too long for column 'cpfcnpj' at row 1 (SQL: insert into `pessoas` (`nome`, `email`, `endereco`, `telefone`, `cpfcnpj`, `updated_at`, `created_at`) values (Felipe Nicolodi, ti@uniagronegocios.com.br, Rua Buarque de Macedo, 2639, centro, 5496310491, 2222222222222222222222222222222222222222222222222222222222222222222222222222222222222222222222222222222222222, 2019-07-02 14:24:35, 2019-07-02 14:24:35)) at D:\\Users\\TI\\Documents\\Uniagro\\Projetos-Laravel\\mecanica\\vendor\\laravel\\framework\\src\\Illuminate\\Database\\Connection.php:664, PDOException(code: 22001): SQLSTATE[22001]: String data, right truncated: 1406 Data too long for column 'cpfcnpj' at row 1 at D:\\Users\\TI\\Documents\\Uniagro\\Projetos-Laravel\\mecanica\\vendor\\laravel\\framework\\src\\Illuminate\\Database\\Connection.php:458)
[stacktrace]
#0 D:\\Users\\TI\\Documents\\Uniagro\\Projetos-Laravel\\mecanica\\vendor\\laravel\\framework\\src\\Illuminate\\Database\\Connection.php(624): Illuminate\\Database\\Connection->runQueryCallback('insert into `pe...', Array, Object(Closure))
#1 D:\\Users\\TI\\Documents\\Uniagro\\Projetos-Laravel\\mecanica\\vendor\\laravel\\framework\\src\\Illuminate\\Database\\Connection.php(459): Illuminate\\Database\\Connection->run('insert into `pe...', Array, Object(Closure))
#2 D:\\Users\\TI\\Documents\\Uniagro\\Projetos-Laravel\\mecanica\\vendor\\laravel\\framework\\src\\Illuminate\\Database\\Connection.php(411): Illuminate\\Database\\Connection->statement('insert into `pe...', Array)
#3 D:\\Users\\TI\\Documents\\Uniagro\\Projetos-Laravel\\mecanica\\vendor\\laravel\\framework\\src\\Illuminate\\Database\\Query\\Processors\\Processor.php(32): Illuminate\\Database\\Connection->insert('insert into `pe...', Array)
#4 D:\\Users\\TI\\Documents\\Uniagro\\Projetos-Laravel\\mecanica\\vendor\\laravel\\framework\\src\\Illuminate\\Database\\Query\\Builder.php(2657): Illuminate\\Database\\Query\\Processors\\Processor->processInsertGetId(Object(Illuminate\\Database\\Query\\Builder), 'insert into `pe...', Array, 'id')
#5 D:\\Users\\TI\\Documents\\Uniagro\\Projetos-Laravel\\mecanica\\vendor\\laravel\\framework\\src\\Illuminate\\Database\\Eloquent\\Builder.php(1347): Illuminate\\Database\\Query\\Builder->insertGetId(Array, 'id')
#6 D:\\Users\\TI\\Documents\\Uniagro\\Projetos-Laravel\\mecanica\\vendor\\laravel\\framework\\src\\Illuminate\\Database\\Eloquent\\Model.php(835): Illuminate\\Database\\Eloquent\\Builder->__call('insertGetId', Array)
#7 D:\\Users\\TI\\Documents\\Uniagro\\Projetos-Laravel\\mecanica\\vendor\\laravel\\framework\\src\\Illuminate\\Database\\Eloquent\\Model.php(800): Illuminate\\Database\\Eloquent\\Model->insertAndSetId(Object(Illuminate\\Database\\Eloquent\\Builder), Array)
#8 D:\\Users\\TI\\Documents\\Uniagro\\Projetos-Laravel\\mecanica\\vendor\\laravel\\framework\\src\\Illuminate\\Database\\Eloquent\\Model.php(663): Illuminate\\Database\\Eloquent\\Model->performInsert(Object(Illuminate\\Database\\Eloquent\\Builder))
#9 D:\\Users\\TI\\Documents\\Uniagro\\Projetos-Laravel\\mecanica\\vendor\\laravel\\framework\\src\\Illuminate\\Database\\Eloquent\\Builder.php(793): Illuminate\\Database\\Eloquent\\Model->save()
#10 D:\\Users\\TI\\Documents\\Uniagro\\Projetos-Laravel\\mecanica\\vendor\\laravel\\framework\\src\\Illuminate\\Support\\helpers.php(1123): Illuminate\\Database\\Eloquent\\Builder->Illuminate\\Database\\Eloquent\\{closure}(Object(App\\Pessoa))
#11 D:\\Users\\TI\\Documents\\Uniagro\\Projetos-Laravel\\mecanica\\vendor\\laravel\\framework\\src\\Illuminate\\Database\\Eloquent\\Builder.php(794): tap(Object(App\\Pessoa), Object(Closure))
#12 D:\\Users\\TI\\Documents\\Uniagro\\Projetos-Laravel\\mecanica\\vendor\\laravel\\framework\\src\\Illuminate\\Support\\Traits\\ForwardsCalls.php(23): Illuminate\\Database\\Eloquent\\Builder->create(Array)
#13 D:\\Users\\TI\\Documents\\Uniagro\\Projetos-Laravel\\mecanica\\vendor\\laravel\\framework\\src\\Illuminate\\Database\\Eloquent\\Model.php(1614): Illuminate\\Database\\Eloquent\\Model->forwardCallTo(Object(Illuminate\\Database\\Eloquent\\Builder), 'create', Array)
#14 D:\\Users\\TI\\Documents\\Uniagro\\Projetos-Laravel\\mecanica\\vendor\\laravel\\framework\\src\\Illuminate\\Database\\Eloquent\\Model.php(1626): Illuminate\\Database\\Eloquent\\Model->__call('create', Array)
#15 D:\\Users\\TI\\Documents\\Uniagro\\Projetos-Laravel\\mecanica\\app\\Http\\Controllers\\PessoaController.php(52): Illuminate\\Database\\Eloquent\\Model::__callStatic('create', Array)
#16 [internal function]: App\\Http\\Controllers\\PessoaController->store(Object(Illuminate\\Http\\Request))
#17 D:\\Users\\TI\\Documents\\Uniagro\\Projetos-Laravel\\mecanica\\vendor\\laravel\\framework\\src\\Illuminate\\Routing\\Controller.php(54): call_user_func_array(Array, Array)
#18 D:\\Users\\TI\\Documents\\Uniagro\\Projetos-Laravel\\mecanica\\vendor\\laravel\\framework\\src\\Illuminate\\Routing\\ControllerDispatcher.php(45): Illuminate\\Routing\\Controller->callAction('store', Array)
#19 D:\\Users\\TI\\Documents\\Uniagro\\Projetos-Laravel\\mecanica\\vendor\\laravel\\framework\\src\\Illuminate\\Routing\\Route.php(219): Illuminate\\Routing\\ControllerDispatcher->dispatch(Object(Illuminate\\Routing\\Route), Object(App\\Http\\Controllers\\PessoaController), 'store')
#20 D:\\Users\\TI\\Documents\\Uniagro\\Projetos-Laravel\\mecanica\\vendor\\laravel\\framework\\src\\Illuminate\\Routing\\Route.php(176): Illuminate\\Routing\\Route->runController()
#21 D:\\Users\\TI\\Documents\\Uniagro\\Projetos-Laravel\\mecanica\\vendor\\laravel\\framework\\src\\Illuminate\\Routing\\Router.php(680): Illuminate\\Routing\\Route->run()
#22 D:\\Users\\TI\\Documents\\Uniagro\\Projetos-Laravel\\mecanica\\vendor\\laravel\\framework\\src\\Illuminate\\Routing\\Pipeline.php(30): Illuminate\\Routing\\Router->Illuminate\\Routing\\{closure}(Object(Illuminate\\Http\\Request))
#23 D:\\Users\\TI\\Documents\\Uniagro\\Projetos-Laravel\\mecanica\\vendor\\laravel\\framework\\src\\Illuminate\\Routing\\Middleware\\SubstituteBindings.php(41): Illuminate\\Routing\\Pipeline->Illuminate\\Routing\\{closure}(Object(Illuminate\\Http\\Request))
#24 D:\\Users\\TI\\Documents\\Uniagro\\Projetos-Laravel\\mecanica\\vendor\\laravel\\framework\\src\\Illuminate\\Pipeline\\Pipeline.php(163): Illuminate\\Routing\\Middleware\\SubstituteBindings->handle(Object(Illuminate\\Http\\Request), Object(Closure))
#25 D:\\Users\\TI\\Documents\\Uniagro\\Projetos-Laravel\\mecanica\\vendor\\laravel\\framework\\src\\Illuminate\\Routing\\Pipeline.php(53): Illuminate\\Pipeline\\Pipeline->Illuminate\\Pipeline\\{closure}(Object(Illuminate\\Http\\Request))
#26 D:\\Users\\TI\\Documents\\Uniagro\\Projetos-Laravel\\mecanica\\vendor\\laravel\\framework\\src\\Illuminate\\Auth\\Middleware\\Authenticate.php(43): Illuminate\\Routing\\Pipeline->Illuminate\\Routing\\{closure}(Object(Illuminate\\Http\\Request))
#27 D:\\Users\\TI\\Documents\\Uniagro\\Projetos-Laravel\\mecanica\\vendor\\laravel\\framework\\src\\Illuminate\\Pipeline\\Pipeline.php(163): Illuminate\\Auth\\Middleware\\Authenticate->handle(Object(Illuminate\\Http\\Request), Object(Closure))
#28 D:\\Users\\TI\\Documents\\Uniagro\\Projetos-Laravel\\mecanica\\vendor\\laravel\\framework\\src\\Illuminate\\Routing\\Pipeline.php(53): Illuminate\\Pipeline\\Pipeline->Illuminate\\Pipeline\\{closure}(Object(Illuminate\\Http\\Request))
#29 D:\\Users\\TI\\Documents\\Uniagro\\Projetos-Laravel\\mecanica\\vendor\\laravel\\framework\\src\\Illuminate\\Foundation\\Http\\Middleware\\VerifyCsrfToken.php(75): Illuminate\\Routing\\Pipeline->Illuminate\\Routing\\{closure}(Object(Illuminate\\Http\\Request))
#30 D:\\Users\\TI\\Documents\\Uniagro\\Projetos-Laravel\\mecanica\\vendor\\laravel\\framework\\src\\Illuminate\\Pipeline\\Pipeline.php(163): Illuminate\\Foundation\\Http\\Middleware\\VerifyCsrfToken->handle(Object(Illuminate\\Http\\Request), Object(Closure))
#31 D:\\Users\\TI\\Documents\\Uniagro\\Projetos-Laravel\\mecanica\\vendor\\laravel\\framework\\src\\Illuminate\\Routing\\Pipeline.php(53): Illuminate\\Pipeline\\Pipeline->Illuminate\\Pipeline\\{closure}(Object(Illuminate\\Http\\Request))
#32 D:\\Users\\TI\\Documents\\Uniagro\\Projetos-Laravel\\mecanica\\vendor\\laravel\\framework\\src\\Illuminate\\View\\Middleware\\ShareErrorsFromSession.php(49): Illuminate\\Routing\\Pipeline->Illuminate\\Routing\\{closure}(Object(Illuminate\\Http\\Request))
#33 D:\\Users\\TI\\Documents\\Uniagro\\Projetos-Laravel\\mecanica\\vendor\\laravel\\framework\\src\\Illuminate\\Pipeline\\Pipeline.php(163): Illuminate\\View\\Middleware\\ShareErrorsFromSession->handle(Object(Illuminate\\Http\\Request), Object(Closure))
#34 D:\\Users\\TI\\Documents\\Uniagro\\Projetos-Laravel\\mecanica\\vendor\\laravel\\framework\\src\\Illuminate\\Routing\\Pipeline.php(53): Illuminate\\Pipeline\\Pipeline->Illuminate\\Pipeline\\{closure}(Object(Illuminate\\Http\\Request))
#35 D:\\Users\\TI\\Documents\\Uniagro\\Projetos-Laravel\\mecanica\\vendor\\laravel\\framework\\src\\Illuminate\\Session\\Middleware\\StartSession.php(56): Illuminate\\Routing\\Pipeline->Illuminate\\Routing\\{closure}(Object(Illuminate\\Http\\Request))
#36 D:\\Users\\TI\\Documents\\Uniagro\\Projetos-Laravel\\mecanica\\vendor\\laravel\\framework\\src\\Illuminate\\Pipeline\\Pipeline.php(163): Illuminate\\Session\\Middleware\\StartSession->handle(Object(Illuminate\\Http\\Request), Object(Closure))
#37 D:\\Users\\TI\\Documents\\Uniagro\\Projetos-Laravel\\mecanica\\vendor\\laravel\\framework\\src\\Illuminate\\Routing\\Pipeline.php(53): Illuminate\\Pipeline\\Pipeline->Illuminate\\Pipeline\\{closure}(Object(Illuminate\\Http\\Request))
#38 D:\\Users\\TI\\Documents\\Uniagro\\Projetos-Laravel\\mecanica\\vendor\\laravel\\framework\\src\\Illuminate\\Cookie\\Middleware\\AddQueuedCookiesToResponse.php(37): Illuminate\\Routing\\Pipeline->Illuminate\\Routing\\{closure}(Object(Illuminate\\Http\\Request))
#39 D:\\Users\\TI\\Documents\\Uniagro\\Projetos-Laravel\\mecanica\\vendor\\laravel\\framework\\src\\Illuminate\\Pipeline\\Pipeline.php(163): Illuminate\\Cookie\\Middleware\\AddQueuedCookiesToResponse->handle(Object(Illuminate\\Http\\Request), Object(Closure))
#40 D:\\Users\\TI\\Documents\\Uniagro\\Projetos-Laravel\\mecanica\\vendor\\laravel\\framework\\src\\Illuminate\\Routing\\Pipeline.php(53): Illuminate\\Pipeline\\Pipeline->Illuminate\\Pipeline\\{closure}(Object(Illuminate\\Http\\Request))
#41 D:\\Users\\TI\\Documents\\Uniagro\\Projetos-Laravel\\mecanica\\vendor\\laravel\\framework\\src\\Illuminate\\Cookie\\Middleware\\EncryptCookies.php(66): Illuminate\\Routing\\Pipeline->Illuminate\\Routing\\{closure}(Object(Illuminate\\Http\\Request))
#42 D:\\Users\\TI\\Documents\\Uniagro\\Projetos-Laravel\\mecanica\\vendor\\laravel\\framework\\src\\Illuminate\\Pipeline\\Pipeline.php(163): Illuminate\\Cookie\\Middleware\\EncryptCookies->handle(Object(Illuminate\\Http\\Request), Object(Closure))
#43 D:\\Users\\TI\\Documents\\Uniagro\\Projetos-Laravel\\mecanica\\vendor\\laravel\\framework\\src\\Illuminate\\Routing\\Pipeline.php(53): Illuminate\\Pipeline\\Pipeline->Illuminate\\Pipeline\\{closure}(Object(Illuminate\\Http\\Request))
#44 D:\\Users\\TI\\Documents\\Uniagro\\Projetos-Laravel\\mecanica\\vendor\\laravel\\framework\\src\\Illuminate\\Pipeline\\Pipeline.php(104): Illuminate\\Routing\\Pipeline->Illuminate\\Routing\\{closure}(Object(Illuminate\\Http\\Request))
#45 D:\\Users\\TI\\Documents\\Uniagro\\Projetos-Laravel\\mecanica\\vendor\\laravel\\framework\\src\\Illuminate\\Routing\\Router.php(682): Illuminate\\Pipeline\\Pipeline->then(Object(Closure))
#46 D:\\Users\\TI\\Documents\\Uniagro\\Projetos-Laravel\\mecanica\\vendor\\laravel\\framework\\src\\Illuminate\\Routing\\Router.php(657): Illuminate\\Routing\\Router->runRouteWithinStack(Object(Illuminate\\Routing\\Route), Object(Illuminate\\Http\\Request))
#47 D:\\Users\\TI\\Documents\\Uniagro\\Projetos-Laravel\\mecanica\\vendor\\laravel\\framework\\src\\Illuminate\\Routing\\Router.php(623): Illuminate\\Routing\\Router->runRoute(Object(Illuminate\\Http\\Request), Object(Illuminate\\Routing\\Route))
#48 D:\\Users\\TI\\Documents\\Uniagro\\Projetos-Laravel\\mecanica\\vendor\\laravel\\framework\\src\\Illuminate\\Routing\\Router.php(612): Illuminate\\Routing\\Router->dispatchToRoute(Object(Illuminate\\Http\\Request))
#49 D:\\Users\\TI\\Documents\\Uniagro\\Projetos-Laravel\\mecanica\\vendor\\laravel\\framework\\src\\Illuminate\\Foundation\\Http\\Kernel.php(176): Illuminate\\Routing\\Router->dispatch(Object(Illuminate\\Http\\Request))
#50 D:\\Users\\TI\\Documents\\Uniagro\\Projetos-Laravel\\mecanica\\vendor\\laravel\\framework\\src\\Illuminate\\Routing\\Pipeline.php(30): Illuminate\\Foundation\\Http\\Kernel->Illuminate\\Foundation\\Http\\{closure}(Object(Illuminate\\Http\\Request))
#51 D:\\Users\\TI\\Documents\\Uniagro\\Projetos-Laravel\\mecanica\\vendor\\fideloper\\proxy\\src\\TrustProxies.php(57): Illuminate\\Routing\\Pipeline->Illuminate\\Routing\\{closure}(Object(Illuminate\\Http\\Request))
#52 D:\\Users\\TI\\Documents\\Uniagro\\Projetos-Laravel\\mecanica\\vendor\\laravel\\framework\\src\\Illuminate\\Pipeline\\Pipeline.php(163): Fideloper\\Proxy\\TrustProxies->handle(Object(Illuminate\\Http\\Request), Object(Closure))
#53 D:\\Users\\TI\\Documents\\Uniagro\\Projetos-Laravel\\mecanica\\vendor\\laravel\\framework\\src\\Illuminate\\Routing\\Pipeline.php(53): Illuminate\\Pipeline\\Pipeline->Illuminate\\Pipeline\\{closure}(Object(Illuminate\\Http\\Request))
#54 D:\\Users\\TI\\Documents\\Uniagro\\Projetos-Laravel\\mecanica\\vendor\\laravel\\framework\\src\\Illuminate\\Foundation\\Http\\Middleware\\TransformsRequest.php(21): Illuminate\\Routing\\Pipeline->Illuminate\\Routing\\{closure}(Object(Illuminate\\Http\\Request))
#55 D:\\Users\\TI\\Documents\\Uniagro\\Projetos-Laravel\\mecanica\\vendor\\laravel\\framework\\src\\Illuminate\\Pipeline\\Pipeline.php(163): Illuminate\\Foundation\\Http\\Middleware\\TransformsRequest->handle(Object(Illuminate\\Http\\Request), Object(Closure))
#56 D:\\Users\\TI\\Documents\\Uniagro\\Projetos-Laravel\\mecanica\\vendor\\laravel\\framework\\src\\Illuminate\\Routing\\Pipeline.php(53): Illuminate\\Pipeline\\Pipeline->Illuminate\\Pipeline\\{closure}(Object(Illuminate\\Http\\Request))
#57 D:\\Users\\TI\\Documents\\Uniagro\\Projetos-Laravel\\mecanica\\vendor\\laravel\\framework\\src\\Illuminate\\Foundation\\Http\\Middleware\\TransformsRequest.php(21): Illuminate\\Routing\\Pipeline->Illuminate\\Routing\\{closure}(Object(Illuminate\\Http\\Request))
#58 D:\\Users\\TI\\Documents\\Uniagro\\Projetos-Laravel\\mecanica\\vendor\\laravel\\framework\\src\\Illuminate\\Pipeline\\Pipeline.php(163): Illuminate\\Foundation\\Http\\Middleware\\TransformsRequest->handle(Object(Illuminate\\Http\\Request), Object(Closure))
#59 D:\\Users\\TI\\Documents\\Uniagro\\Projetos-Laravel\\mecanica\\vendor\\laravel\\framework\\src\\Illuminate\\Routing\\Pipeline.php(53): Illuminate\\Pipeline\\Pipeline->Illuminate\\Pipeline\\{closure}(Object(Illuminate\\Http\\Request))
#60 D:\\Users\\TI\\Documents\\Uniagro\\Projetos-Laravel\\mecanica\\vendor\\laravel\\framework\\src\\Illuminate\\Foundation\\Http\\Middleware\\ValidatePostSize.php(27): Illuminate\\Routing\\Pipeline->Illuminate\\Routing\\{closure}(Object(Illuminate\\Http\\Request))
#61 D:\\Users\\TI\\Documents\\Uniagro\\Projetos-Laravel\\mecanica\\vendor\\laravel\\framework\\src\\Illuminate\\Pipeline\\Pipeline.php(163): Illuminate\\Foundation\\Http\\Middleware\\ValidatePostSize->handle(Object(Illuminate\\Http\\Request), Object(Closure))
#62 D:\\Users\\TI\\Documents\\Uniagro\\Projetos-Laravel\\mecanica\\vendor\\laravel\\framework\\src\\Illuminate\\Routing\\Pipeline.php(53): Illuminate\\Pipeline\\Pipeline->Illuminate\\Pipeline\\{closure}(Object(Illuminate\\Http\\Request))
#63 D:\\Users\\TI\\Documents\\Uniagro\\Projetos-Laravel\\mecanica\\vendor\\laravel\\framework\\src\\Illuminate\\Foundation\\Http\\Middleware\\CheckForMaintenanceMode.php(62): Illuminate\\Routing\\Pipeline->Illuminate\\Routing\\{closure}(Object(Illuminate\\Http\\Request))
#64 D:\\Users\\TI\\Documents\\Uniagro\\Projetos-Laravel\\mecanica\\vendor\\laravel\\framework\\src\\Illuminate\\Pipeline\\Pipeline.php(163): Illuminate\\Foundation\\Http\\Middleware\\CheckForMaintenanceMode->handle(Object(Illuminate\\Http\\Request), Object(Closure))
#65 D:\\Users\\TI\\Documents\\Uniagro\\Projetos-Laravel\\mecanica\\vendor\\laravel\\framework\\src\\Illuminate\\Routing\\Pipeline.php(53): Illuminate\\Pipeline\\Pipeline->Illuminate\\Pipeline\\{closure}(Object(Illuminate\\Http\\Request))
#66 D:\\Users\\TI\\Documents\\Uniagro\\Projetos-Laravel\\mecanica\\vendor\\laravel\\framework\\src\\Illuminate\\Pipeline\\Pipeline.php(104): Illuminate\\Routing\\Pipeline->Illuminate\\Routing\\{closure}(Object(Illuminate\\Http\\Request))
#67 D:\\Users\\TI\\Documents\\Uniagro\\Projetos-Laravel\\mecanica\\vendor\\laravel\\framework\\src\\Illuminate\\Foundation\\Http\\Kernel.php(151): Illuminate\\Pipeline\\Pipeline->then(Object(Closure))
#68 D:\\Users\\TI\\Documents\\Uniagro\\Projetos-Laravel\\mecanica\\vendor\\laravel\\framework\\src\\Illuminate\\Foundation\\Http\\Kernel.php(116): Illuminate\\Foundation\\Http\\Kernel->sendRequestThroughRouter(Object(Illuminate\\Http\\Request))
#69 D:\\Users\\TI\\Documents\\Uniagro\\Projetos-Laravel\\mecanica\\public\\index.php(55): Illuminate\\Foundation\\Http\\Kernel->handle(Object(Illuminate\\Http\\Request))
#70 D:\\Users\\TI\\Documents\\Uniagro\\Projetos-Laravel\\mecanica\\server.php(21): require_once('D:\\\\Users\\\\TI\\\\Doc...')
#71 {main}
"} 
[2019-07-02 15:59:24] local.ERROR: SQLSTATE[HY000] [2002] Nenhuma conexão pôde ser feita porque a máquina de destino as recusou ativamente.
 (SQL: select * from `users` where `id` = 1 limit 1)  
[2019-07-02 15:59:56] local.ERROR: SQLSTATE[HY000] [2002] Nenhuma conexão pôde ser feita porque a máquina de destino as recusou ativamente.
 (SQL: select * from `users` where `id` = 1 limit 1)  
